--------------------------------------------------------------------------------
Release 14.7 Trace  (nt64)
Copyright (c) 1995-2013 Xilinx, Inc.  All rights reserved.

C:\Xilinx\14.7\ISE_DS\ISE\bin\nt64\unwrapped\trce.exe -intstyle ise -v 3 -s 3
-n 3 -fastpaths -xml Pong_Game_Animation_Top.twx Pong_Game_Animation_Top.ncd -o
Pong_Game_Animation_Top.twr Pong_Game_Animation_Top.pcf -ucf
Pong_Game_Animation.ucf

Design file:              Pong_Game_Animation_Top.ncd
Physical constraint file: Pong_Game_Animation_Top.pcf
Device,package,speed:     xc7a100t,csg324,C,-3 (PRODUCTION 1.10 2013-10-13)
Report level:             verbose report

Environment Variable      Effect 
--------------------      ------ 
NONE                      No environment variables were set
--------------------------------------------------------------------------------

INFO:Timing:2698 - No timing constraints found, doing default enumeration.
INFO:Timing:3412 - To improve timing, see the Timing Closure User Guide (UG612).
INFO:Timing:2752 - To get complete path coverage, use the unconstrained paths 
   option. All paths that are not constrained will be reported in the 
   unconstrained paths section(s) of the report.
INFO:Timing:3339 - The clock-to-out numbers in this timing report are based on 
   a 50 Ohm transmission line loading model.  For the details of this model, 
   and for more information on accounting for different loading conditions, 
   please see the device datasheet.



Data Sheet report:
-----------------
All values displayed in nanoseconds (ns)

Setup/Hold to clock clk
------------+------------+------------+------------+------------+------------------+--------+
            |Max Setup to|  Process   |Max Hold to |  Process   |                  | Clock  |
Source      | clk (edge) |   Corner   | clk (edge) |   Corner   |Internal Clock(s) | Phase  |
------------+------------+------------+------------+------------+------------------+--------+
btn<0>      |    0.567(R)|      FAST  |    0.960(R)|      SLOW  |clk_BUFGP         |   0.000|
btn<1>      |    0.934(R)|      FAST  |    1.625(R)|      SLOW  |clk_BUFGP         |   0.000|
rst         |    0.423(R)|      FAST  |    1.339(R)|      SLOW  |clk_BUFGP         |   0.000|
------------+------------+------------+------------+------------+------------------+--------+

Clock clk to Pad
------------+-----------------+------------+-----------------+------------+------------------+--------+
            |Max (slowest) clk|  Process   |Min (fastest) clk|  Process   |                  | Clock  |
Destination |  (edge) to PAD  |   Corner   |  (edge) to PAD  |   Corner   |Internal Clock(s) | Phase  |
------------+-----------------+------------+-----------------+------------+------------------+--------+
hsync       |         9.924(R)|      SLOW  |         3.777(R)|      FAST  |clk_BUFGP         |   0.000|
rgb<0>      |        11.889(R)|      SLOW  |         4.076(R)|      FAST  |clk_BUFGP         |   0.000|
rgb<1>      |        14.995(R)|      SLOW  |         4.781(R)|      FAST  |clk_BUFGP         |   0.000|
rgb<2>      |        12.488(R)|      SLOW  |         4.319(R)|      FAST  |clk_BUFGP         |   0.000|
vsync       |        10.080(R)|      SLOW  |         3.922(R)|      FAST  |clk_BUFGP         |   0.000|
------------+-----------------+------------+-----------------+------------+------------------+--------+

Clock to Setup on destination clock clk
---------------+---------+---------+---------+---------+
               | Src:Rise| Src:Fall| Src:Rise| Src:Fall|
Source Clock   |Dest:Rise|Dest:Rise|Dest:Fall|Dest:Fall|
---------------+---------+---------+---------+---------+
clk            |    2.941|         |         |         |
---------------+---------+---------+---------+---------+


Analysis completed Mon Dec 03 20:53:32 2018 
--------------------------------------------------------------------------------

Trace Settings:
-------------------------
Trace Settings 

Peak Memory Usage: 5000 MB



